8.1.2-beta.2 14-04-2022 15:58:08 Starting new session. Mods: examplemod 
8.1.2-beta.2 14-04-2022 15:59:57 MAJOR: null: Loading language: ru_ru
8.1.2-beta.2 14-04-2022 16:00:07 MAJOR: null: LanguageData loaded: ru_ru. Wand invitem name: Жезл Создания
8.1.2-beta.2 14-04-2022 16:03:38 Starting new session. Mods: examplemod 
8.1.2-beta.2 14-04-2022 16:05:07 MAJOR: null: Loading language: ru_ru
8.1.2-beta.2 14-04-2022 16:05:10 MAJOR: null: LanguageData loaded: ru_ru. Wand invitem name: Жезл Создания
8.1.2-beta.2 14-04-2022 16:15:08 Starting new session. Mods: examplemod 
8.1.2-beta.2 14-04-2022 16:16:52 MAJOR: null: Loading language: ru_ru
8.1.2-beta.2 14-04-2022 16:16:56 MAJOR: null: LanguageData loaded: ru_ru. Wand invitem name: Жезл Создания
8.1.2-beta.2 14-04-2022 16:23:44 Starting new session. Mods: examplemod 
8.1.2-beta.2 14-04-2022 16:30:24 Starting new session. Mods: examplemod 
8.1.2-beta.2 14-04-2022 16:32:07 MAJOR: null: Loading language: ru_ru
8.1.2-beta.2 14-04-2022 16:32:23 MAJOR: null: LanguageData loaded: ru_ru. Wand invitem name: Жезл Создания
8.1.2-beta.2 14-04-2022 16:35:42 Starting new session. Mods: examplemod 
8.1.2-beta.2 14-04-2022 16:37:37 MAJOR: null: Loading language: ru_ru
8.1.2-beta.2 14-04-2022 16:37:49 MAJOR: null: LanguageData loaded: ru_ru. Wand invitem name: Жезл Создания
8.1.2-beta.2 14-04-2022 16:46:31 Starting new session. Mods: examplemod 
8.1.2-beta.2 14-04-2022 16:49:58 MAJOR: null: Loading language: ru_ru
8.1.2-beta.2 14-04-2022 16:50:17 MAJOR: null: LanguageData loaded: ru_ru. Wand invitem name: Жезл Создания
8.1.2-beta.2 14-04-2022 17:14:20 Starting new session. Mods: examplemod 
8.1.2-beta.2 14-04-2022 17:16:11 MAJOR: null: Loading language: ru_ru
8.1.2-beta.2 14-04-2022 17:16:22 MAJOR: null: LanguageData loaded: ru_ru. Wand invitem name: Жезл Создания
8.1.2-beta.2 25-04-2022 19:16:03 Starting new session. Mods: examplemod 
8.1.2-beta.2 25-04-2022 19:19:19 MAJOR: null: Loading language: en_us
8.1.2-beta.2 25-04-2022 19:19:39 MAJOR: null: LanguageData loaded: en_us. Wand invitem name: Wand of Summoning
8.1.2-beta.2 25-04-2022 19:40:11 Starting new session. Mods: examplemod 
8.1.2-beta.2 25-04-2022 19:42:12 MAJOR: null: Loading language: en_us
8.1.2-beta.2 25-04-2022 19:42:24 MAJOR: null: LanguageData loaded: en_us. Wand invitem name: Wand of Summoning
8.1.2-beta.2 25-04-2022 20:05:42 MAJOR: null: Loading language: ru_ru
8.1.2-beta.2 25-04-2022 20:05:43 MAJOR: null: LanguageData loaded: ru_ru. Wand invitem name: Жезл Создания
8.1.2-beta.2 25-04-2022 23:42:57 Starting new session. Mods: examplemod 
8.1.2-beta.2 25-04-2022 23:45:07 MAJOR: null: Loading language: ru_ru
8.1.2-beta.2 25-04-2022 23:45:20 MAJOR: null: LanguageData loaded: ru_ru. Wand invitem name: Жезл Создания
8.1.2-beta.2 26-04-2022 11:50:31 Starting new session. Mods: examplemod 
8.1.2-beta.2 26-04-2022 11:53:59 MAJOR: null: Loading language: ru_ru
8.1.2-beta.2 26-04-2022 11:54:20 MAJOR: null: LanguageData loaded: ru_ru. Wand invitem name: Жезл Создания
8.1.2-beta.2 26-04-2022 12:12:58 Starting new session. Mods: examplemod 
8.1.2-beta.2 26-04-2022 12:14:47 MAJOR: null: Loading language: ru_ru
8.1.2-beta.2 26-04-2022 12:14:55 MAJOR: null: LanguageData loaded: ru_ru. Wand invitem name: Жезл Создания
8.1.2-beta.2 26-04-2022 12:19:05 Error in ClientReceiver.onPacketData:
8.1.2-beta.2 26-04-2022 12:19:05 java.lang.NullPointerException
	at org.millenaire.client.network.ClientReceiver.processPacket(ClientReceiver.java:83)
	at org.millenaire.client.network.ClientReceiver.access$000(ClientReceiver.java:39)
	at org.millenaire.client.network.ClientReceiver$1.run(ClientReceiver.java:71)
	at java.util.concurrent.Executors$RunnableAdapter.call(Executors.java:511)
	at java.util.concurrent.FutureTask.run(FutureTask.java:266)
	at net.minecraft.util.Util.func_181617_a(Util.java:47)
	at net.minecraft.client.Minecraft.func_71411_J(Minecraft.java:1088)
	at net.minecraft.client.Minecraft.func_99999_d(Minecraft.java:398)
	at net.minecraft.client.main.Main.main(SourceFile:123)
	at sun.reflect.NativeMethodAccessorImpl.invoke0(Native Method)
	at sun.reflect.NativeMethodAccessorImpl.invoke(NativeMethodAccessorImpl.java:62)
	at sun.reflect.DelegatingMethodAccessorImpl.invoke(DelegatingMethodAccessorImpl.java:43)
	at java.lang.reflect.Method.invoke(Method.java:497)
	at net.minecraft.launchwrapper.Launch.launch(Launch.java:135)
	at net.minecraft.launchwrapper.Launch.main(Launch.java:28)

8.1.2-beta.2 26-04-2022 12:24:25 Starting new session. Mods: examplemod 
8.1.2-beta.2 26-04-2022 12:26:20 MAJOR: null: Loading language: ru_ru
8.1.2-beta.2 26-04-2022 12:26:29 MAJOR: null: LanguageData loaded: ru_ru. Wand invitem name: Жезл Создания
8.1.2-beta.2 26-04-2022 12:40:52 Starting new session. Mods: examplemod 
8.1.2-beta.2 26-04-2022 12:42:42 MAJOR: null: Loading language: ru_ru
8.1.2-beta.2 26-04-2022 12:42:52 MAJOR: null: LanguageData loaded: ru_ru. Wand invitem name: Жезл Создания
8.1.2-beta.2 26-04-2022 13:05:24 Starting new session. Mods: examplemod 
8.1.2-beta.2 26-04-2022 13:08:29 MAJOR: null: Loading language: ru_ru
8.1.2-beta.2 26-04-2022 13:08:51 MAJOR: null: LanguageData loaded: ru_ru. Wand invitem name: Жезл Создания
8.1.2-beta.2 26-04-2022 13:19:24 Starting new session. Mods: examplemod 
8.1.2-beta.2 26-04-2022 13:22:10 MAJOR: null: Loading language: ru_ru
8.1.2-beta.2 26-04-2022 13:22:20 MAJOR: null: LanguageData loaded: ru_ru. Wand invitem name: Жезл Создания
8.1.2-beta.2 26-04-2022 13:27:52 Starting new session. Mods: examplemod 
8.1.2-beta.2 26-04-2022 13:31:13 MAJOR: null: Loading language: ru_ru
8.1.2-beta.2 26-04-2022 13:31:34 MAJOR: null: LanguageData loaded: ru_ru. Wand invitem name: Жезл Создания
8.1.2-beta.2 26-04-2022 13:35:44 Starting new session. Mods: examplemod 
8.1.2-beta.2 26-04-2022 13:38:24 MAJOR: null: Loading language: ru_ru
8.1.2-beta.2 26-04-2022 13:38:39 MAJOR: null: LanguageData loaded: ru_ru. Wand invitem name: Жезл Создания
